<?xml version="1.0" encoding="UTF-8"?>
<testsuite name="org.github.adrianobrito.flowjob.FlowTest" tests="5" skipped="0" failures="0" errors="0" timestamp="2015-12-14T21:02:32" hostname="D-FOR-GEO-06" time="0.012">
  <properties/>
  <testcase name="shouldExecuteNextOnFlow" classname="org.github.adrianobrito.flowjob.FlowTest" time="0.011"/>
  <testcase name="shouldExecuteAllTheFlow" classname="org.github.adrianobrito.flowjob.FlowTest" time="0.0"/>
  <testcase name="shouldCreateFlow" classname="org.github.adrianobrito.flowjob.FlowTest" time="0.0"/>
  <testcase name="shouldHaveCurrentStep" classname="org.github.adrianobrito.flowjob.FlowTest" time="0.0"/>
  <testcase name="shouldHaveCurrentIndex" classname="org.github.adrianobrito.flowjob.FlowTest" time="0.0"/>
  <system-out><![CDATA[passo 1
passo 1
passo 2
passo 3
]]></system-out>
  <system-err><![CDATA[]]></system-err>
</testsuite>
